<?xml version="1.1" encoding="UTF-8"?>
<testsuite name="com.wikipedia.JBehaveConfiguration" tests="1" failures="0" errors="0" timestamp="1970-01-01T00:00:00" hostname="SNTCW-HPATERI3" time="1.438709921054E9">
  <properties/>
  <testcase name="run" classname="com.wikipedia.JBehaveConfiguration" time="19.45"/>
  <system-out><![CDATA[Processing system properties {}
Using controls EmbedderControls[batch=false,skip=false,generateViewAfterStories=true,ignoreFailureInStories=false,ignoreFailureInView=false,verboseFailures=false,verboseFiltering=false,storyTimeoutInSecs=300,failOnStoryTimeout=false,threads=1]
Running story com.wikipedia/wiki-basic-search.story

(com.wikipedia/wiki-basic-search.story)
Scenario: basic search on wikipedia page
Given user is on wiki home page
When user enters "automation" in search box
And user clicks on search button
Automation - Wikipedia, the free encyclopedia

(BeforeStories)


(AfterStories)

Generating reports view to 'C:\Users\160924\Desktop\Automation\wiki-jbehave\build\classes\jbehave' using formats '[stats, xml, stats, console]' and view properties '{navigator=ftl/jbehave-navigator.ftl, views=ftl/jbehave-views.ftl, reports=ftl/jbehave-reports-with-totals.ftl, nonDecorated=ftl/jbehave-report-non-decorated.ftl, decorated=ftl/jbehave-report-decorated.ftl, maps=ftl/jbehave-maps.ftl}'
Reports view generated with 1 stories (of which 0 pending) containing 1 scenarios (of which 0 pending)
]]></system-out>
  <system-err><![CDATA[log4j:WARN No appenders could be found for logger (org.apache.http.client.protocol.RequestAddCookies).
log4j:WARN Please initialize the log4j system properly.
log4j:WARN See http://logging.apache.org/log4j/1.2/faq.html#noconfig for more info.
]]></system-err>
</testsuite>
